<?xml version="1.0" encoding="UTF-8"?>
<!-- Generated by org.testng.reporters.JUnitReportReporter -->
<testsuite hostname="Saanvi" failures="0" tests="1" name="testing.Practice" time="0.011" errors="0" timestamp="2024-08-09T15:42:22 IST" skipped="0">
  <testcase classname="testing.Practice" name="testing" time="0.011"/>
  <system-out/>
</testsuite> <!-- testing.Practice -->
